<?xml version="1.0" encoding="UTF-8"?>
<!-- Generated by org.testng.reporters.JUnitReportReporter -->
<testsuite skipped="0" hostname="LAPTOP-HCQBPV8U" name="Acedemy.yahoomail.loginmail" tests="1" failures="0" timestamp="2021-12-03T18:00:16 IST" time="53.640" errors="0">
  <testcase name="verifyTest" time="53.640" classname="Acedemy.yahoomail.loginmail"/>
  <system-out/>
</testsuite> <!-- Acedemy.yahoomail.loginmail -->
